#
# There is insufficient memory for the Java Runtime Environment to continue.
# Native memory allocation (malloc) failed to allocate 2097152 bytes for AllocateHeap
# Possible reasons:
#   The system is out of physical RAM or swap space
#   The process is running with CompressedOops enabled, and the Java Heap may be blocking the growth of the native heap
# Possible solutions:
#   Reduce memory load on the system
#   Increase physical memory or swap space
#   Check if swap backing store is full
#   Decrease Java heap size (-Xmx/-Xms)
#   Decrease number of Java threads
#   Decrease Java thread stack sizes (-Xss)
#   Set larger code cache with -XX:ReservedCodeCacheSize=
#   JVM is running with Unscaled Compressed Oops mode in which the Java heap is
#     placed in the first 4GB address space. The Java Heap base address is the
#     maximum limit for the native heap growth. Please use -XX:HeapBaseMinAddress
#     to set the Java Heap base and to place the Java Heap above 4GB virtual address.
# This output file may be truncated or incomplete.
#
#  Out of Memory Error (allocation.cpp:44), pid=24084, tid=12956
#
# JRE version: Java(TM) SE Runtime Environment (17.0+35) (build 17+35-LTS-2724)
# Java VM: Java HotSpot(TM) 64-Bit Server VM (17+35-LTS-2724, mixed mode, sharing, tiered, compressed oops, compressed class ptrs, g1 gc, windows-amd64)
# No core dump will be written. Minidumps are not enabled by default on client versions of Windows
#

---------------  S U M M A R Y ------------

Command Line: -Dfile.encoding=UTF-8 -Dstdout.encoding=UTF-8 -Dstderr.encoding=UTF-8 -XX:+ShowCodeDetailsInExceptionMessages com.e2open.panasonic.PanasonicApplication

Host: AMD Ryzen 5 3450U with Radeon Vega Mobile Gfx  , 8 cores, 5G,  Windows 10 , 64 bit Build 26100 (10.0.26100.2454)
Time: Sun Feb  9 16:14:17 2025 India Standard Time elapsed time: 5873.804168 seconds (0d 1h 37m 53s)

---------------  T H R E A D  ---------------

Current thread (0x000001f51c20f030):  VMThread "VM Thread" [stack: 0x00000039ce200000,0x00000039ce300000] [id=12956]

Stack: [0x00000039ce200000,0x00000039ce300000]
Native frames: (J=compiled Java code, j=interpreted, Vv=VM code, C=native code)
V  [jvm.dll+0x66f8ea]
V  [jvm.dll+0x7ce224]
V  [jvm.dll+0x7cf9ce]
V  [jvm.dll+0x7d0033]
V  [jvm.dll+0x242bb5]
V  [jvm.dll+0xa4673]
V  [jvm.dll+0x2f1c01]
V  [jvm.dll+0x2eda50]
V  [jvm.dll+0x2d6257]
V  [jvm.dll+0x318db7]
V  [jvm.dll+0x7d44cb]
V  [jvm.dll+0x7d5204]
V  [jvm.dll+0x7d571c]
V  [jvm.dll+0x7d5af4]
V  [jvm.dll+0x7d5bc0]
V  [jvm.dll+0x77e7ea]
V  [jvm.dll+0x66e715]
C  [ucrtbase.dll+0x14ea0]
C  [KERNEL32.DLL+0x2e8d7]
C  [ntdll.dll+0xdfbcc]

VM_Operation (0x00000039cf9ff100): G1CollectFull, mode: safepoint, requested by thread 0x000001f51f67a060


---------------  P R O C E S S  ---------------

Threads class SMR info:
_java_thread_list=0x000001f52343b9e0, length=15, elements={
0x000001f51c213ad0, 0x000001f51c214680, 0x000001f51c227dc0, 0x000001f51c228970,
0x000001f51c22b330, 0x000001f51c2371f0, 0x000001f51c237f80, 0x000001f51c239940,
0x000001f51c24be10, 0x000001f51ccb4d40, 0x000001f51ccc20c0, 0x000001f51f6791f0,
0x000001f522c214f0, 0x000001f52351cfe0, 0x000001f51f67a060
}

Java Threads: ( => current thread )
  0x000001f51c213ad0 JavaThread "Reference Handler" daemon [_thread_blocked, id=20828, stack(0x00000039ce300000,0x00000039ce400000)]
  0x000001f51c214680 JavaThread "Finalizer" daemon [_thread_blocked, id=8200, stack(0x00000039ce400000,0x00000039ce500000)]
  0x000001f51c227dc0 JavaThread "Signal Dispatcher" daemon [_thread_blocked, id=11324, stack(0x00000039ce500000,0x00000039ce600000)]
  0x000001f51c228970 JavaThread "Attach Listener" daemon [_thread_blocked, id=14396, stack(0x00000039ce600000,0x00000039ce700000)]
  0x000001f51c22b330 JavaThread "Service Thread" daemon [_thread_blocked, id=1168, stack(0x00000039ce700000,0x00000039ce800000)]
  0x000001f51c2371f0 JavaThread "Monitor Deflation Thread" daemon [_thread_blocked, id=25136, stack(0x00000039ce800000,0x00000039ce900000)]
  0x000001f51c237f80 JavaThread "C2 CompilerThread0" daemon [_thread_blocked, id=16732, stack(0x00000039ce900000,0x00000039cea00000)]
  0x000001f51c239940 JavaThread "C1 CompilerThread0" daemon [_thread_blocked, id=21260, stack(0x00000039cea00000,0x00000039ceb00000)]
  0x000001f51c24be10 JavaThread "Sweeper thread" daemon [_thread_blocked, id=18492, stack(0x00000039ceb00000,0x00000039cec00000)]
  0x000001f51ccb4d40 JavaThread "Notification Thread" daemon [_thread_blocked, id=20720, stack(0x00000039cec00000,0x00000039ced00000)]
  0x000001f51ccc20c0 JavaThread "Common-Cleaner" daemon [_thread_blocked, id=22920, stack(0x00000039cee00000,0x00000039cef00000)]
  0x000001f51f6791f0 JavaThread "Live Reload Server" daemon [_thread_in_native, id=15168, stack(0x00000039d0300000,0x00000039d0400000)]
  0x000001f522c214f0 JavaThread "DestroyJavaVM" [_thread_blocked, id=3496, stack(0x00000039cdc00000,0x00000039cdd00000)]
  0x000001f52351cfe0 JavaThread "Catalina-utility-2" [_thread_blocked, id=60008, stack(0x00000039cf400000,0x00000039cf500000)]
  0x000001f51f67a060 JavaThread "Thread-19" [_thread_blocked, id=64144, stack(0x00000039cf900000,0x00000039cfa00000)]

Other Threads:
=>0x000001f51c20f030 VMThread "VM Thread" [stack: 0x00000039ce200000,0x00000039ce300000] [id=12956]
  0x000001f57f4a7540 WatcherThread [stack: 0x00000039ced00000,0x00000039cee00000] [id=21404]
  0x000001f57f4876e0 GCTaskThread "GC Thread#0" [stack: 0x00000039cdd00000,0x00000039cde00000] [id=8512]
  0x000001f51d784080 GCTaskThread "GC Thread#1" [stack: 0x00000039cf000000,0x00000039cf100000] [id=20024]
  0x000001f51d6aada0 GCTaskThread "GC Thread#2" [stack: 0x00000039cf100000,0x00000039cf200000] [id=25112]
  0x000001f51daa9f70 GCTaskThread "GC Thread#3" [stack: 0x00000039cf200000,0x00000039cf300000] [id=16664]
  0x000001f51d70b230 GCTaskThread "GC Thread#4" [stack: 0x00000039cf300000,0x00000039cf400000] [id=23876]
  0x000001f51dbda980 GCTaskThread "GC Thread#5" [stack: 0x00000039cf600000,0x00000039cf700000] [id=3360]
  0x000001f51db0f6d0 GCTaskThread "GC Thread#6" [stack: 0x00000039cf700000,0x00000039cf800000] [id=24512]
  0x000001f51df223e0 GCTaskThread "GC Thread#7" [stack: 0x00000039cf800000,0x00000039cf900000] [id=12424]
  0x000001f57f497810 ConcurrentGCThread "G1 Main Marker" [stack: 0x00000039cde00000,0x00000039cdf00000] [id=14672]
  0x000001f57f498230 ConcurrentGCThread "G1 Conc#0" [stack: 0x00000039cdf00000,0x00000039ce000000] [id=16276]
  0x000001f51e1b3290 ConcurrentGCThread "G1 Conc#1" [stack: 0x00000039cfa00000,0x00000039cfb00000] [id=13408]
  0x000001f51c0d0090 ConcurrentGCThread "G1 Refine#0" [stack: 0x00000039ce000000,0x00000039ce100000] [id=15276]
  0x000001f51c0d1960 ConcurrentGCThread "G1 Service" [stack: 0x00000039ce100000,0x00000039ce200000] [id=19772]

Threads with active compile tasks:
C1 CompilerThread0  5873938 9605       3       org.springframework.boot.web.embedded.tomcat.TomcatWebServer$$Lambda$814/0x0000000800f95868::lifecycleEvent (13 bytes)

VM state: at safepoint (normal execution)

VM Mutex/Monitor currently owned by a thread:  ([mutex/lock_event])
[0x000001f57d1646e0] Threads_lock - owner thread: 0x000001f51c20f030
[0x000001f57f44cf00] Heap_lock - owner thread: 0x000001f51f67a060

Heap address: 0x00000000a1c00000, size: 1508 MB, Compressed Oops mode: 32-bit

CDS archive(s) mapped at: [0x0000000800000000-0x0000000800bc0000-0x0000000800bc0000), size 12320768, SharedBaseAddress: 0x0000000800000000, ArchiveRelocationMode: 0.
Compressed class space mapped at: 0x0000000800c00000-0x0000000840c00000, reserved size: 1073741824
Narrow klass base: 0x0000000800000000, Narrow klass shift: 0, Narrow klass range: 0x100000000

GC Precious Log:
 CPUs: 8 total, 8 available
 Memory: 6030M
 Large Page Support: Disabled
 NUMA Support: Disabled
 Compressed Oops: Enabled (32-bit)
 Heap Region Size: 1M
 Heap Min Capacity: 8M
 Heap Initial Capacity: 96M
 Heap Max Capacity: 1508M
 Pre-touch: Disabled
 Parallel Workers: 8
 Concurrent Workers: 2
 Concurrent Refinement Workers: 8
 Periodic GC: Disabled

Heap:
 garbage-first heap   total 163840K, used 106003K [0x00000000a1c00000, 0x0000000100000000)
  region size 1024K, 82 young (83968K), 3 survivors (3072K)
 Metaspace       used 72368K, committed 72896K, reserved 1114112K
  class space    used 9563K, committed 9856K, reserved 1048576K

Heap Regions: E=young(eden), S=young(survivor), O=old, HS=humongous(starts), HC=humongous(continues), CS=collection set, F=free, OA=open archive, CA=closed archive, TAMS=top-at-mark-start (previous, next)
|   0|0x00000000a1c00000, 0x00000000a1d00000, 0x00000000a1d00000|100%|HS|  |TAMS 0x00000000a1d00000, 0x00000000a1c00000| Untracked 
|   1|0x00000000a1d00000, 0x00000000a1e00000, 0x00000000a1e00000|100%|HS|  |TAMS 0x00000000a1e00000, 0x00000000a1d00000| Untracked 
|   2|0x00000000a1e00000, 0x00000000a1efffe8, 0x00000000a1f00000| 99%| O|  |TAMS 0x00000000a1efffe8, 0x00000000a1e00000| Untracked 
|   3|0x00000000a1f00000, 0x00000000a1ffffe8, 0x00000000a2000000| 99%| O|  |TAMS 0x00000000a1ffffe8, 0x00000000a1f00000| Untracked 
|   4|0x00000000a2000000, 0x00000000a20fffb8, 0x00000000a2100000| 99%| O|  |TAMS 0x00000000a20fffb8, 0x00000000a2000000| Untracked 
|   5|0x00000000a2100000, 0x00000000a21fffd0, 0x00000000a2200000| 99%| O|  |TAMS 0x00000000a21fffd0, 0x00000000a2100000| Untracked 
|   6|0x00000000a2200000, 0x00000000a22ffff0, 0x00000000a2300000| 99%| O|  |TAMS 0x00000000a22ffff0, 0x00000000a2200000| Untracked 
|   7|0x00000000a2300000, 0x00000000a23fffe8, 0x00000000a2400000| 99%| O|  |TAMS 0x00000000a23fffe8, 0x00000000a2300000| Untracked 
|   8|0x00000000a2400000, 0x00000000a24fffe0, 0x00000000a2500000| 99%| O|  |TAMS 0x00000000a24fffe0, 0x00000000a2400000| Untracked 
|   9|0x00000000a2500000, 0x00000000a25ff7f0, 0x00000000a2600000| 99%| O|  |TAMS 0x00000000a25ff7f0, 0x00000000a2500000| Untracked 
|  10|0x00000000a2600000, 0x00000000a26ffff0, 0x00000000a2700000| 99%| O|  |TAMS 0x00000000a26ffff0, 0x00000000a2600000| Untracked 
|  11|0x00000000a2700000, 0x00000000a27ffff8, 0x00000000a2800000| 99%| O|  |TAMS 0x00000000a27ffff8, 0x00000000a2700000| Untracked 
|  12|0x00000000a2800000, 0x00000000a28fffe8, 0x00000000a2900000| 99%| O|  |TAMS 0x00000000a28fffe8, 0x00000000a2800000| Untracked 
|  13|0x00000000a2900000, 0x00000000a29fffe0, 0x00000000a2a00000| 99%| O|  |TAMS 0x00000000a29fffe0, 0x00000000a2900000| Untracked 
|  14|0x00000000a2a00000, 0x00000000a2affff8, 0x00000000a2b00000| 99%| O|  |TAMS 0x00000000a2affff8, 0x00000000a2a00000| Untracked 
|  15|0x00000000a2b00000, 0x00000000a2bffff0, 0x00000000a2c00000| 99%| O|  |TAMS 0x00000000a2b00000, 0x00000000a2b00000| Untracked 
|  16|0x00000000a2c00000, 0x00000000a2cffff0, 0x00000000a2d00000| 99%| O|  |TAMS 0x00000000a2cffff0, 0x00000000a2c00000| Untracked 
|  17|0x00000000a2d00000, 0x00000000a2e00000, 0x00000000a2e00000|100%| O|  |TAMS 0x00000000a2d00000, 0x00000000a2d00000| Untracked 
|  18|0x00000000a2e00000, 0x00000000a2effeb0, 0x00000000a2f00000| 99%| O|  |TAMS 0x00000000a2e00000, 0x00000000a2e00000| Untracked 
|  19|0x00000000a2f00000, 0x00000000a2ffffd8, 0x00000000a3000000| 99%| O|  |TAMS 0x00000000a2f00000, 0x00000000a2f00000| Untracked 
|  20|0x00000000a3000000, 0x00000000a308f918, 0x00000000a3100000| 56%| O|  |TAMS 0x00000000a3000000, 0x00000000a3000000| Untracked 
|  21|0x00000000a3100000, 0x00000000a318a100, 0x00000000a3200000| 53%| O|  |TAMS 0x00000000a3100000, 0x00000000a3100000| Untracked 
|  22|0x00000000a3200000, 0x00000000a3300000, 0x00000000a3300000|100%| O|  |TAMS 0x00000000a3200000, 0x00000000a3200000| Untracked 
|  23|0x00000000a3300000, 0x00000000a33997e0, 0x00000000a3400000| 59%| O|  |TAMS 0x00000000a3300000, 0x00000000a3300000| Untracked 
|  24|0x00000000a3400000, 0x00000000a3400000, 0x00000000a3500000|  0%| F|  |TAMS 0x00000000a3400000, 0x00000000a3400000| Untracked 
|  25|0x00000000a3500000, 0x00000000a355a808, 0x00000000a3600000| 35%| O|  |TAMS 0x00000000a3500000, 0x00000000a3500000| Untracked 
|  26|0x00000000a3600000, 0x00000000a3600000, 0x00000000a3700000|  0%| F|  |TAMS 0x00000000a3600000, 0x00000000a3600000| Untracked 
|  27|0x00000000a3700000, 0x00000000a37b3138, 0x00000000a3800000| 69%| O|  |TAMS 0x00000000a3700000, 0x00000000a3700000| Untracked 
|  28|0x00000000a3800000, 0x00000000a3800000, 0x00000000a3900000|  0%| F|  |TAMS 0x00000000a3800000, 0x00000000a3800000| Untracked 
|  29|0x00000000a3900000, 0x00000000a3900000, 0x00000000a3a00000|  0%| F|  |TAMS 0x00000000a3900000, 0x00000000a3900000| Untracked 
|  30|0x00000000a3a00000, 0x00000000a3a00000, 0x00000000a3b00000|  0%| F|  |TAMS 0x00000000a3a00000, 0x00000000a3a00000| Untracked 
|  31|0x00000000a3b00000, 0x00000000a3b00000, 0x00000000a3c00000|  0%| F|  |TAMS 0x00000000a3b00000, 0x00000000a3b00000| Untracked 
|  32|0x00000000a3c00000, 0x00000000a3c00000, 0x00000000a3d00000|  0%| F|  |TAMS 0x00000000a3c00000, 0x00000000a3c00000| Untracked 
|  33|0x00000000a3d00000, 0x00000000a3d00000, 0x00000000a3e00000|  0%| F|  |TAMS 0x00000000a3d00000, 0x00000000a3d00000| Untracked 
|  34|0x00000000a3e00000, 0x00000000a3e00000, 0x00000000a3f00000|  0%| F|  |TAMS 0x00000000a3e00000, 0x00000000a3e00000| Untracked 
|  35|0x00000000a3f00000, 0x00000000a3f00000, 0x00000000a4000000|  0%| F|  |TAMS 0x00000000a3f00000, 0x00000000a3f00000| Untracked 
|  36|0x00000000a4000000, 0x00000000a4000000, 0x00000000a4100000|  0%| F|  |TAMS 0x00000000a4000000, 0x00000000a4000000| Untracked 
|  37|0x00000000a4100000, 0x00000000a4100000, 0x00000000a4200000|  0%| F|  |TAMS 0x00000000a4100000, 0x00000000a4100000| Untracked 
|  38|0x00000000a4200000, 0x00000000a4200000, 0x00000000a4300000|  0%| F|  |TAMS 0x00000000a4200000, 0x00000000a4200000| Untracked 
|  39|0x00000000a4300000, 0x00000000a4300000, 0x00000000a4400000|  0%| F|  |TAMS 0x00000000a4300000, 0x00000000a4300000| Untracked 
|  40|0x00000000a4400000, 0x00000000a4400000, 0x00000000a4500000|  0%| F|  |TAMS 0x00000000a4400000, 0x00000000a4400000| Untracked 
|  41|0x00000000a4500000, 0x00000000a4500000, 0x00000000a4600000|  0%| F|  |TAMS 0x00000000a4500000, 0x00000000a4500000| Untracked 
|  42|0x00000000a4600000, 0x00000000a4600000, 0x00000000a4700000|  0%| F|  |TAMS 0x00000000a4600000, 0x00000000a4600000| Untracked 
|  43|0x00000000a4700000, 0x00000000a4700000, 0x00000000a4800000|  0%| F|  |TAMS 0x00000000a4700000, 0x00000000a4700000| Untracked 
|  44|0x00000000a4800000, 0x00000000a4800000, 0x00000000a4900000|  0%| F|  |TAMS 0x00000000a4800000, 0x00000000a4800000| Untracked 
|  45|0x00000000a4900000, 0x00000000a4900000, 0x00000000a4a00000|  0%| F|  |TAMS 0x00000000a4900000, 0x00000000a4900000| Untracked 
|  46|0x00000000a4a00000, 0x00000000a4a00000, 0x00000000a4b00000|  0%| F|  |TAMS 0x00000000a4a00000, 0x00000000a4a00000| Untracked 
|  47|0x00000000a4b00000, 0x00000000a4b00000, 0x00000000a4c00000|  0%| F|  |TAMS 0x00000000a4b00000, 0x00000000a4b00000| Untracked 
|  48|0x00000000a4c00000, 0x00000000a4c00000, 0x00000000a4d00000|  0%| F|  |TAMS 0x00000000a4c00000, 0x00000000a4c00000| Untracked 
|  49|0x00000000a4d00000, 0x00000000a4d00000, 0x00000000a4e00000|  0%| F|  |TAMS 0x00000000a4d00000, 0x00000000a4d00000| Untracked 
|  50|0x00000000a4e00000, 0x00000000a4e00000, 0x00000000a4f00000|  0%| F|  |TAMS 0x00000000a4e00000, 0x00000000a4e00000| Untracked 
|  51|0x00000000a4f00000, 0x00000000a4f00000, 0x00000000a5000000|  0%| F|  |TAMS 0x00000000a4f00000, 0x00000000a4f00000| Untracked 
|  52|0x00000000a5000000, 0x00000000a5000000, 0x00000000a5100000|  0%| F|  |TAMS 0x00000000a5000000, 0x00000000a5000000| Untracked 
|  53|0x00000000a5100000, 0x00000000a5100000, 0x00000000a5200000|  0%| F|  |TAMS 0x00000000a5100000, 0x00000000a5100000| Untracked 
|  54|0x00000000a5200000, 0x00000000a5200000, 0x00000000a5300000|  0%| F|  |TAMS 0x00000000a5200000, 0x00000000a5200000| Untracked 
|  55|0x00000000a5300000, 0x00000000a5300000, 0x00000000a5400000|  0%| F|  |TAMS 0x00000000a5300000, 0x00000000a5300000| Untracked 
|  56|0x00000000a5400000, 0x00000000a5400000, 0x00000000a5500000|  0%| F|  |TAMS 0x00000000a5400000, 0x00000000a5400000| Untracked 
|  57|0x00000000a5500000, 0x00000000a5500000, 0x00000000a5600000|  0%| F|  |TAMS 0x00000000a5500000, 0x00000000a5500000| Untracked 
|  58|0x00000000a5600000, 0x00000000a5600000, 0x00000000a5700000|  0%| F|  |TAMS 0x00000000a5600000, 0x00000000a5600000| Untracked 
|  59|0x00000000a5700000, 0x00000000a5700000, 0x00000000a5800000|  0%| F|  |TAMS 0x00000000a5700000, 0x00000000a5700000| Untracked 
|  60|0x00000000a5800000, 0x00000000a5800000, 0x00000000a5900000|  0%| F|  |TAMS 0x00000000a5800000, 0x00000000a5800000| Untracked 
|  61|0x00000000a5900000, 0x00000000a5900000, 0x00000000a5a00000|  0%| F|  |TAMS 0x00000000a5900000, 0x00000000a5900000| Untracked 
|  62|0x00000000a5a00000, 0x00000000a5a00000, 0x00000000a5b00000|  0%| F|  |TAMS 0x00000000a5a00000, 0x00000000a5a00000| Untracked 
|  63|0x00000000a5b00000, 0x00000000a5b00000, 0x00000000a5c00000|  0%| F|  |TAMS 0x00000000a5b00000, 0x00000000a5b00000| Untracked 
|  64|0x00000000a5c00000, 0x00000000a5cc4e90, 0x00000000a5d00000| 76%| S|CS|TAMS 0x00000000a5c00000, 0x00000000a5c00000| Complete 
|  65|0x00000000a5d00000, 0x00000000a5e00000, 0x00000000a5e00000|100%| S|CS|TAMS 0x00000000a5d00000, 0x00000000a5d00000| Complete 
|  66|0x00000000a5e00000, 0x00000000a5f00000, 0x00000000a5f00000|100%| S|CS|TAMS 0x00000000a5e00000, 0x00000000a5e00000| Complete 
|  67|0x00000000a5f00000, 0x00000000a5f00000, 0x00000000a6000000|  0%| F|  |TAMS 0x00000000a5f00000, 0x00000000a5f00000| Untracked 
|  68|0x00000000a6000000, 0x00000000a6000000, 0x00000000a6100000|  0%| F|  |TAMS 0x00000000a6000000, 0x00000000a6000000| Untracked 
|  69|0x00000000a6100000, 0x00000000a6100000, 0x00000000a6200000|  0%| F|  |TAMS 0x00000000a6100000, 0x00000000a6100000| Untracked 
|  70|0x00000000a6200000, 0x00000000a6200000, 0x00000000a6300000|  0%| F|  |TAMS 0x00000000a6200000, 0x00000000a6200000| Untracked 
|  71|0x00000000a6300000, 0x00000000a6300000, 0x00000000a6400000|  0%| F|  |TAMS 0x00000000a6300000, 0x00000000a6300000| Untracked 
|  72|0x00000000a6400000, 0x00000000a6400000, 0x00000000a6500000|  0%| F|  |TAMS 0x00000000a6400000, 0x00000000a6400000| Untracked 
|  73|0x00000000a6500000, 0x00000000a6500000, 0x00000000a6600000|  0%| F|  |TAMS 0x00000000a6500000, 0x00000000a6500000| Untracked 
|  74|0x00000000a6600000, 0x00000000a6600000, 0x00000000a6700000|  0%| F|  |TAMS 0x00000000a6600000, 0x00000000a6600000| Untracked 
|  75|0x00000000a6700000, 0x00000000a6700000, 0x00000000a6800000|  0%| F|  |TAMS 0x00000000a6700000, 0x00000000a6700000| Untracked 
|  76|0x00000000a6800000, 0x00000000a6800000, 0x00000000a6900000|  0%| F|  |TAMS 0x00000000a6800000, 0x00000000a6800000| Untracked 
|  77|0x00000000a6900000, 0x00000000a6900000, 0x00000000a6a00000|  0%| F|  |TAMS 0x00000000a6900000, 0x00000000a6900000| Untracked 
|  78|0x00000000a6a00000, 0x00000000a6a00000, 0x00000000a6b00000|  0%| F|  |TAMS 0x00000000a6a00000, 0x00000000a6a00000| Untracked 
|  79|0x00000000a6b00000, 0x00000000a6b00000, 0x00000000a6c00000|  0%| F|  |TAMS 0x00000000a6b00000, 0x00000000a6b00000| Untracked 
|  80|0x00000000a6c00000, 0x00000000a6c00000, 0x00000000a6d00000|  0%| F|  |TAMS 0x00000000a6c00000, 0x00000000a6c00000| Untracked 
|  81|0x00000000a6d00000, 0x00000000a6dee970, 0x00000000a6e00000| 93%| E|  |TAMS 0x00000000a6d00000, 0x00000000a6d00000| Complete 
|  82|0x00000000a6e00000, 0x00000000a6f00000, 0x00000000a6f00000|100%| E|CS|TAMS 0x00000000a6e00000, 0x00000000a6e00000| Complete 
|  83|0x00000000a6f00000, 0x00000000a7000000, 0x00000000a7000000|100%| E|CS|TAMS 0x00000000a6f00000, 0x00000000a6f00000| Complete 
|  84|0x00000000a7000000, 0x00000000a7100000, 0x00000000a7100000|100%| E|CS|TAMS 0x00000000a7000000, 0x00000000a7000000| Complete 
|  85|0x00000000a7100000, 0x00000000a7200000, 0x00000000a7200000|100%| E|CS|TAMS 0x00000000a7100000, 0x00000000a7100000| Complete 
|  86|0x00000000a7200000, 0x00000000a7300000, 0x00000000a7300000|100%| E|CS|TAMS 0x00000000a7200000, 0x00000000a7200000| Complete 
|  87|0x00000000a7300000, 0x00000000a7400000, 0x00000000a7400000|100%| E|CS|TAMS 0x00000000a7300000, 0x00000000a7300000| Complete 
|  88|0x00000000a7400000, 0x00000000a7500000, 0x00000000a7500000|100%| E|CS|TAMS 0x00000000a7400000, 0x00000000a7400000| Complete 
|  89|0x00000000a7500000, 0x00000000a7600000, 0x00000000a7600000|100%| E|CS|TAMS 0x00000000a7500000, 0x00000000a7500000| Complete 
|  90|0x00000000a7600000, 0x00000000a7700000, 0x00000000a7700000|100%| E|CS|TAMS 0x00000000a7600000, 0x00000000a7600000| Complete 
|  91|0x00000000a7700000, 0x00000000a7800000, 0x00000000a7800000|100%| E|CS|TAMS 0x00000000a7700000, 0x00000000a7700000| Complete 
|  92|0x00000000a7800000, 0x00000000a7900000, 0x00000000a7900000|100%| E|CS|TAMS 0x00000000a7800000, 0x00000000a7800000| Complete 
|  93|0x00000000a7900000, 0x00000000a7a00000, 0x00000000a7a00000|100%| E|CS|TAMS 0x00000000a7900000, 0x00000000a7900000| Complete 
|  94|0x00000000a7a00000, 0x00000000a7b00000, 0x00000000a7b00000|100%| E|CS|TAMS 0x00000000a7a00000, 0x00000000a7a00000| Complete 
|  95|0x00000000a7b00000, 0x00000000a7c00000, 0x00000000a7c00000|100%| E|CS|TAMS 0x00000000a7b00000, 0x00000000a7b00000| Complete 
|  96|0x00000000a7c00000, 0x00000000a7d00000, 0x00000000a7d00000|100%| E|CS|TAMS 0x00000000a7c00000, 0x00000000a7c00000| Complete 
|  97|0x00000000a7d00000, 0x00000000a7e00000, 0x00000000a7e00000|100%| E|CS|TAMS 0x00000000a7d00000, 0x00000000a7d00000| Complete 
|  98|0x00000000a7e00000, 0x00000000a7f00000, 0x00000000a7f00000|100%| E|CS|TAMS 0x00000000a7e00000, 0x00000000a7e00000| Complete 
|  99|0x00000000a7f00000, 0x00000000a8000000, 0x00000000a8000000|100%| E|CS|TAMS 0x00000000a7f00000, 0x00000000a7f00000| Complete 
| 100|0x00000000a8000000, 0x00000000a8100000, 0x00000000a8100000|100%| E|CS|TAMS 0x00000000a8000000, 0x00000000a8000000| Complete 
| 101|0x00000000a8100000, 0x00000000a8200000, 0x00000000a8200000|100%| E|CS|TAMS 0x00000000a8100000, 0x00000000a8100000| Complete 
| 102|0x00000000a8200000, 0x00000000a8300000, 0x00000000a8300000|100%| E|CS|TAMS 0x00000000a8200000, 0x00000000a8200000| Complete 
| 103|0x00000000a8300000, 0x00000000a8400000, 0x00000000a8400000|100%| E|CS|TAMS 0x00000000a8300000, 0x00000000a8300000| Complete 
| 104|0x00000000a8400000, 0x00000000a8500000, 0x00000000a8500000|100%| E|CS|TAMS 0x00000000a8400000, 0x00000000a8400000| Complete 
| 105|0x00000000a8500000, 0x00000000a8600000, 0x00000000a8600000|100%| E|CS|TAMS 0x00000000a8500000, 0x00000000a8500000| Complete 
| 106|0x00000000a8600000, 0x00000000a8700000, 0x00000000a8700000|100%| E|CS|TAMS 0x00000000a8600000, 0x00000000a8600000| Complete 
| 107|0x00000000a8700000, 0x00000000a8800000, 0x00000000a8800000|100%| E|CS|TAMS 0x00000000a8700000, 0x00000000a8700000| Complete 
| 108|0x00000000a8800000, 0x00000000a8900000, 0x00000000a8900000|100%| E|CS|TAMS 0x00000000a8800000, 0x00000000a8800000| Complete 
| 109|0x00000000a8900000, 0x00000000a8a00000, 0x00000000a8a00000|100%| E|CS|TAMS 0x00000000a8900000, 0x00000000a8900000| Complete 
| 110|0x00000000a8a00000, 0x00000000a8b00000, 0x00000000a8b00000|100%| E|CS|TAMS 0x00000000a8a00000, 0x00000000a8a00000| Complete 
| 111|0x00000000a8b00000, 0x00000000a8c00000, 0x00000000a8c00000|100%| E|CS|TAMS 0x00000000a8b00000, 0x00000000a8b00000| Complete 
| 112|0x00000000a8c00000, 0x00000000a8d00000, 0x00000000a8d00000|100%| E|CS|TAMS 0x00000000a8c00000, 0x00000000a8c00000| Complete 
| 113|0x00000000a8d00000, 0x00000000a8e00000, 0x00000000a8e00000|100%| E|CS|TAMS 0x00000000a8d00000, 0x00000000a8d00000| Complete 
| 114|0x00000000a8e00000, 0x00000000a8f00000, 0x00000000a8f00000|100%| E|CS|TAMS 0x00000000a8e00000, 0x00000000a8e00000| Complete 
| 115|0x00000000a8f00000, 0x00000000a9000000, 0x00000000a9000000|100%| E|CS|TAMS 0x00000000a8f00000, 0x00000000a8f00000| Complete 
| 116|0x00000000a9000000, 0x00000000a9100000, 0x00000000a9100000|100%| E|CS|TAMS 0x00000000a9000000, 0x00000000a9000000| Complete 
| 117|0x00000000a9100000, 0x00000000a9200000, 0x00000000a9200000|100%| E|CS|TAMS 0x00000000a9100000, 0x00000000a9100000| Complete 
| 118|0x00000000a9200000, 0x00000000a9300000, 0x00000000a9300000|100%| E|CS|TAMS 0x00000000a9200000, 0x00000000a9200000| Complete 
| 119|0x00000000a9300000, 0x00000000a9400000, 0x00000000a9400000|100%| E|CS|TAMS 0x00000000a9300000, 0x00000000a9300000| Complete 
| 120|0x00000000a9400000, 0x00000000a9500000, 0x00000000a9500000|100%| E|CS|TAMS 0x00000000a9400000, 0x00000000a9400000| Complete 
| 121|0x00000000a9500000, 0x00000000a9600000, 0x00000000a9600000|100%| E|CS|TAMS 0x00000000a9500000, 0x00000000a9500000| Complete 
| 122|0x00000000a9600000, 0x00000000a9700000, 0x00000000a9700000|100%| E|CS|TAMS 0x00000000a9600000, 0x00000000a9600000| Complete 
| 123|0x00000000a9700000, 0x00000000a9800000, 0x00000000a9800000|100%| E|CS|TAMS 0x00000000a9700000, 0x00000000a9700000| Complete 
| 124|0x00000000a9800000, 0x00000000a9900000, 0x00000000a9900000|100%| E|CS|TAMS 0x00000000a9800000, 0x00000000a9800000| Complete 
| 125|0x00000000a9900000, 0x00000000a9a00000, 0x00000000a9a00000|100%| E|CS|TAMS 0x00000000a9900000, 0x00000000a9900000| Complete 
| 126|0x00000000a9a00000, 0x00000000a9b00000, 0x00000000a9b00000|100%| E|CS|TAMS 0x00000000a9a00000, 0x00000000a9a00000| Complete 
| 127|0x00000000a9b00000, 0x00000000a9c00000, 0x00000000a9c00000|100%| E|CS|TAMS 0x00000000a9b00000, 0x00000000a9b00000| Complete 
| 128|0x00000000a9c00000, 0x00000000a9d00000, 0x00000000a9d00000|100%| E|CS|TAMS 0x00000000a9c00000, 0x00000000a9c00000| Complete 
| 129|0x00000000a9d00000, 0x00000000a9e00000, 0x00000000a9e00000|100%| E|CS|TAMS 0x00000000a9d00000, 0x00000000a9d00000| Complete 
| 130|0x00000000a9e00000, 0x00000000a9f00000, 0x00000000a9f00000|100%| E|CS|TAMS 0x00000000a9e00000, 0x00000000a9e00000| Complete 
| 131|0x00000000a9f00000, 0x00000000aa000000, 0x00000000aa000000|100%| E|CS|TAMS 0x00000000a9f00000, 0x00000000a9f00000| Complete 
| 132|0x00000000aa000000, 0x00000000aa100000, 0x00000000aa100000|100%| E|CS|TAMS 0x00000000aa000000, 0x00000000aa000000| Complete 
| 133|0x00000000aa100000, 0x00000000aa200000, 0x00000000aa200000|100%| E|CS|TAMS 0x00000000aa100000, 0x00000000aa100000| Complete 
| 134|0x00000000aa200000, 0x00000000aa300000, 0x00000000aa300000|100%| E|CS|TAMS 0x00000000aa200000, 0x00000000aa200000| Complete 
| 135|0x00000000aa300000, 0x00000000aa400000, 0x00000000aa400000|100%| E|CS|TAMS 0x00000000aa300000, 0x00000000aa300000| Complete 
| 136|0x00000000aa400000, 0x00000000aa500000, 0x00000000aa500000|100%| E|CS|TAMS 0x00000000aa400000, 0x00000000aa400000| Complete 
| 137|0x00000000aa500000, 0x00000000aa600000, 0x00000000aa600000|100%| E|CS|TAMS 0x00000000aa500000, 0x00000000aa500000| Complete 
| 138|0x00000000aa600000, 0x00000000aa700000, 0x00000000aa700000|100%| E|CS|TAMS 0x00000000aa600000, 0x00000000aa600000| Complete 
| 139|0x00000000aa700000, 0x00000000aa800000, 0x00000000aa800000|100%| E|CS|TAMS 0x00000000aa700000, 0x00000000aa700000| Complete 
| 140|0x00000000aa800000, 0x00000000aa900000, 0x00000000aa900000|100%| E|CS|TAMS 0x00000000aa800000, 0x00000000aa800000| Complete 
| 141|0x00000000aa900000, 0x00000000aaa00000, 0x00000000aaa00000|100%| E|CS|TAMS 0x00000000aa900000, 0x00000000aa900000| Complete 
| 142|0x00000000aaa00000, 0x00000000aab00000, 0x00000000aab00000|100%| E|  |TAMS 0x00000000aaa00000, 0x00000000aaa00000| Complete 
| 143|0x00000000aab00000, 0x00000000aac00000, 0x00000000aac00000|100%| E|CS|TAMS 0x00000000aab00000, 0x00000000aab00000| Complete 
| 144|0x00000000aac00000, 0x00000000aad00000, 0x00000000aad00000|100%| E|CS|TAMS 0x00000000aac00000, 0x00000000aac00000| Complete 
| 145|0x00000000aad00000, 0x00000000aae00000, 0x00000000aae00000|100%| E|CS|TAMS 0x00000000aad00000, 0x00000000aad00000| Complete 
| 146|0x00000000aae00000, 0x00000000aaf00000, 0x00000000aaf00000|100%| E|CS|TAMS 0x00000000aae00000, 0x00000000aae00000| Complete 
| 147|0x00000000aaf00000, 0x00000000ab000000, 0x00000000ab000000|100%| E|CS|TAMS 0x00000000aaf00000, 0x00000000aaf00000| Complete 
| 148|0x00000000ab000000, 0x00000000ab100000, 0x00000000ab100000|100%| E|CS|TAMS 0x00000000ab000000, 0x00000000ab000000| Complete 
| 149|0x00000000ab100000, 0x00000000ab200000, 0x00000000ab200000|100%| E|CS|TAMS 0x00000000ab100000, 0x00000000ab100000| Complete 
| 150|0x00000000ab200000, 0x00000000ab300000, 0x00000000ab300000|100%| E|CS|TAMS 0x00000000ab200000, 0x00000000ab200000| Complete 
| 151|0x00000000ab300000, 0x00000000ab400000, 0x00000000ab400000|100%| E|CS|TAMS 0x00000000ab300000, 0x00000000ab300000| Complete 
| 152|0x00000000ab400000, 0x00000000ab500000, 0x00000000ab500000|100%| E|CS|TAMS 0x00000000ab400000, 0x00000000ab400000| Complete 
| 153|0x00000000ab500000, 0x00000000ab600000, 0x00000000ab600000|100%| E|CS|TAMS 0x00000000ab500000, 0x00000000ab500000| Complete 
| 154|0x00000000ab600000, 0x00000000ab700000, 0x00000000ab700000|100%| E|CS|TAMS 0x00000000ab600000, 0x00000000ab600000| Complete 
| 155|0x00000000ab700000, 0x00000000ab800000, 0x00000000ab800000|100%| E|CS|TAMS 0x00000000ab700000, 0x00000000ab700000| Complete 
| 156|0x00000000ab800000, 0x00000000ab900000, 0x00000000ab900000|100%| E|CS|TAMS 0x00000000ab800000, 0x00000000ab800000| Complete 
| 157|0x00000000ab900000, 0x00000000aba00000, 0x00000000aba00000|100%| E|CS|TAMS 0x00000000ab900000, 0x00000000ab900000| Complete 
| 158|0x00000000aba00000, 0x00000000abb00000, 0x00000000abb00000|100%| E|CS|TAMS 0x00000000aba00000, 0x00000000aba00000| Complete 
| 159|0x00000000abb00000, 0x00000000abc00000, 0x00000000abc00000|100%| E|CS|TAMS 0x00000000abb00000, 0x00000000abb00000| Complete 

Card table byte_map: [0x000001f57fb40000,0x000001f57fe40000] _byte_map_base: 0x000001f57f632000

Marking Bits (Prev, Next): (CMBitMap*) 0x000001f57f489d50, (CMBitMap*) 0x000001f57f489d10
 Prev Bits: [0x000001f5181c0000, 0x000001f519950000)
 Next Bits: [0x000001f516a30000, 0x000001f5181c0000)

Polling page: 0x000001f57d370000

Metaspace:

Usage:
  Non-class:     61.33 MB used.
      Class:      9.34 MB used.
       Both:     70.67 MB used.

Virtual space:
  Non-class space:       64.00 MB reserved,      61.56 MB ( 96%) committed,  8 nodes.
      Class space:        1.00 GB reserved,       9.62 MB ( <1%) committed,  1 nodes.
             Both:        1.06 GB reserved,      71.19 MB (  7%) committed. 

Chunk freelists:
   Non-Class:  2.14 MB
       Class:  2.30 MB
        Both:  4.44 MB

MaxMetaspaceSize: unlimited
CompressedClassSpaceSize: 1.00 GB
Initial GC threshold: 21.00 MB
Current GC threshold: 117.81 MB
CDS: on
MetaspaceReclaimPolicy: balanced
 - commit_granule_bytes: 65536.
 - commit_granule_words: 8192.
 - virtual_space_node_default_size: 1048576.
 - enlarge_chunks_in_place: 1.
 - new_chunks_are_fully_committed: 0.
 - uncommit_free_chunks: 1.
 - use_allocation_guard: 0.
 - handle_deallocations: 1.


Internal statistics:

num_allocs_failed_limit: 9.
num_arena_births: 936.
num_arena_deaths: 304.
num_vsnodes_births: 9.
num_vsnodes_deaths: 0.
num_space_committed: 1139.
num_space_uncommitted: 0.
num_chunks_returned_to_freelist: 350.
num_chunks_taken_from_freelist: 3619.
num_chunk_merges: 116.
num_chunk_splits: 2463.
num_chunks_enlarged: 1890.
num_purges: 8.
num_inconsistent_stats: 0.

CodeHeap 'non-profiled nmethods': size=120000Kb used=6705Kb max_used=6705Kb free=113294Kb
 bounds [0x000001f50f200000, 0x000001f50f890000, 0x000001f516730000]
CodeHeap 'profiled nmethods': size=120000Kb used=16546Kb max_used=16546Kb free=103453Kb
 bounds [0x000001f507cd0000, 0x000001f508d00000, 0x000001f50f200000]
CodeHeap 'non-nmethods': size=5760Kb used=1350Kb max_used=1401Kb free=4409Kb
 bounds [0x000001f507730000, 0x000001f5079a0000, 0x000001f507cd0000]
 total_blobs=8688 nmethods=8007 adapters=593
 compilation: enabled
              stopped_count=0, restarted_count=0
 full_count=0

Compilation events (20 events):
Event: 5774.029 Thread 0x000001f51c239940 nmethod 9593 0x000001f508cf2510 code [0x000001f508cf26c0, 0x000001f508cf29a8]
Event: 5774.037 Thread 0x000001f51c239940 9594       3       sun.nio.ch.SocketOptionRegistry$RegistryKey::hashCode (16 bytes)
Event: 5774.038 Thread 0x000001f51c239940 nmethod 9594 0x000001f508cf2a90 code [0x000001f508cf2c40, 0x000001f508cf2ef8]
Event: 5863.997 Thread 0x000001f51c237f80 9596       4       java.io.File::isDirectory (34 bytes)
Event: 5865.405 Thread 0x000001f51c237f80 nmethod 9596 0x000001f50f88ba90 code [0x000001f50f88bc20, 0x000001f50f88bf28]
Event: 5866.998 Thread 0x000001f51c239940 9597       3       java.util.regex.Pattern::clazz (450 bytes)
Event: 5867.084 Thread 0x000001f51c239940 nmethod 9597 0x000001f508cf3010 code [0x000001f508cf3420, 0x000001f508cf5278]
Event: 5869.701 Thread 0x000001f51c239940 9598       3       org.springframework.context.event.AbstractApplicationEventMulticaster::supportsEvent (23 bytes)
Event: 5869.718 Thread 0x000001f51c239940 nmethod 9598 0x000001f508cf5c90 code [0x000001f508cf5e40, 0x000001f508cf60d8]
Event: 5870.029 Thread 0x000001f51c239940 9599   !   3       java.time.format.DateTimeFormatterBuilder$CompositePrinterParser::format (116 bytes)
Event: 5870.039 Thread 0x000001f51c239940 nmethod 9599 0x000001f508cf6210 code [0x000001f508cf6420, 0x000001f508cf6b98]
Event: 5870.568 Thread 0x000001f51c239940 9600       3       java.net.NetworkInterface::<init> (15 bytes)
Event: 5870.569 Thread 0x000001f51c239940 nmethod 9600 0x000001f508cf6f90 code [0x000001f508cf7120, 0x000001f508cf72b8]
Event: 5871.716 Thread 0x000001f51c239940 9601       3       java.util.concurrent.atomic.AtomicInteger::getAndIncrement (12 bytes)
Event: 5871.722 Thread 0x000001f51c239940 nmethod 9601 0x000001f508cf7390 code [0x000001f508cf7520, 0x000001f508cf7638]
Event: 5872.063 Thread 0x000001f51c239940 9602       3       java.util.regex.Matcher::end (67 bytes)
Event: 5872.070 Thread 0x000001f51c239940 nmethod 9602 0x000001f508cf7710 code [0x000001f508cf7960, 0x000001f508cf8188]
Event: 5872.712 Thread 0x000001f51c239940 9604  s    3       org.apache.catalina.util.LifecycleBase::setState (8 bytes)
Event: 5872.718 Thread 0x000001f51c239940 nmethod 9604 0x000001f508cf8490 code [0x000001f508cf8640, 0x000001f508cf8828]
Event: 5872.720 Thread 0x000001f51c239940 9605       3       org.springframework.boot.web.embedded.tomcat.TomcatWebServer$$Lambda$814/0x0000000800f95868::lifecycleEvent (13 bytes)

GC Heap History (20 events):
Event: 5219.389 GC heap before
{Heap before GC invocations=39 (full 2):
 garbage-first heap   total 92160K, used 72784K [0x00000000a1c00000, 0x0000000100000000)
  region size 1024K, 46 young (47104K), 2 survivors (2048K)
 Metaspace       used 71205K, committed 71744K, reserved 1114112K
  class space    used 9515K, committed 9792K, reserved 1048576K
}
Event: 5219.398 GC heap after
{Heap after GC invocations=40 (full 2):
 garbage-first heap   total 184320K, used 28563K [0x00000000a1c00000, 0x0000000100000000)
  region size 1024K, 2 young (2048K), 2 survivors (2048K)
 Metaspace       used 71205K, committed 71744K, reserved 1114112K
  class space    used 9515K, committed 9792K, reserved 1048576K
}
Event: 5741.714 GC heap before
{Heap before GC invocations=40 (full 2):
 garbage-first heap   total 184320K, used 68499K [0x00000000a1c00000, 0x0000000100000000)
  region size 1024K, 43 young (44032K), 2 survivors (2048K)
 Metaspace       used 71308K, committed 71936K, reserved 1114112K
  class space    used 9530K, committed 9856K, reserved 1048576K
}
Event: 5742.593 GC heap after
{Heap after GC invocations=41 (full 3):
 garbage-first heap   total 81920K, used 21778K [0x00000000a1c00000, 0x0000000100000000)
  region size 1024K, 0 young (0K), 0 survivors (0K)
 Metaspace       used 71241K, committed 71936K, reserved 1114112K
  class space    used 9515K, committed 9856K, reserved 1048576K
}
Event: 5748.035 GC heap before
{Heap before GC invocations=41 (full 3):
 garbage-first heap   total 81920K, used 66834K [0x00000000a1c00000, 0x0000000100000000)
  region size 1024K, 45 young (46080K), 0 survivors (0K)
 Metaspace       used 71407K, committed 72000K, reserved 1114112K
  class space    used 9525K, committed 9856K, reserved 1048576K
}
Event: 5748.057 GC heap after
{Heap after GC invocations=42 (full 3):
 garbage-first heap   total 81920K, used 25427K [0x00000000a1c00000, 0x0000000100000000)
  region size 1024K, 4 young (4096K), 4 survivors (4096K)
 Metaspace       used 71407K, committed 72000K, reserved 1114112K
  class space    used 9525K, committed 9856K, reserved 1048576K
}
Event: 5748.085 GC heap before
{Heap before GC invocations=42 (full 3):
 garbage-first heap   total 81920K, used 64339K [0x00000000a1c00000, 0x0000000100000000)
  region size 1024K, 43 young (44032K), 4 survivors (4096K)
 Metaspace       used 71407K, committed 72000K, reserved 1114112K
  class space    used 9525K, committed 9856K, reserved 1048576K
}
Event: 5748.102 GC heap after
{Heap after GC invocations=43 (full 3):
 garbage-first heap   total 81920K, used 25352K [0x00000000a1c00000, 0x0000000100000000)
  region size 1024K, 1 young (1024K), 1 survivors (1024K)
 Metaspace       used 71407K, committed 72000K, reserved 1114112K
  class space    used 9525K, committed 9856K, reserved 1048576K
}
Event: 5748.128 GC heap before
{Heap before GC invocations=43 (full 3):
 garbage-first heap   total 81920K, used 64264K [0x00000000a1c00000, 0x0000000100000000)
  region size 1024K, 40 young (40960K), 1 survivors (1024K)
 Metaspace       used 71407K, committed 72000K, reserved 1114112K
  class space    used 9525K, committed 9856K, reserved 1048576K
}
Event: 5748.130 GC heap after
{Heap after GC invocations=44 (full 3):
 garbage-first heap   total 81920K, used 25378K [0x00000000a1c00000, 0x0000000100000000)
  region size 1024K, 1 young (1024K), 1 survivors (1024K)
 Metaspace       used 71407K, committed 72000K, reserved 1114112K
  class space    used 9525K, committed 9856K, reserved 1048576K
}
Event: 5748.345 GC heap before
{Heap before GC invocations=44 (full 3):
 garbage-first heap   total 81920K, used 64290K [0x00000000a1c00000, 0x0000000100000000)
  region size 1024K, 40 young (40960K), 1 survivors (1024K)
 Metaspace       used 71428K, committed 72064K, reserved 1114112K
  class space    used 9525K, committed 9856K, reserved 1048576K
}
Event: 5748.349 GC heap after
{Heap after GC invocations=45 (full 3):
 garbage-first heap   total 81920K, used 25654K [0x00000000a1c00000, 0x0000000100000000)
  region size 1024K, 1 young (1024K), 1 survivors (1024K)
 Metaspace       used 71428K, committed 72064K, reserved 1114112K
  class space    used 9525K, committed 9856K, reserved 1048576K
}
Event: 5751.030 GC heap before
{Heap before GC invocations=45 (full 3):
 garbage-first heap   total 81920K, used 66614K [0x00000000a1c00000, 0x0000000100000000)
  region size 1024K, 41 young (41984K), 1 survivors (1024K)
 Metaspace       used 71777K, committed 72320K, reserved 1114112K
  class space    used 9535K, committed 9856K, reserved 1048576K
}
Event: 5751.039 GC heap after
{Heap after GC invocations=46 (full 3):
 garbage-first heap   total 81920K, used 29328K [0x00000000a1c00000, 0x0000000100000000)
  region size 1024K, 4 young (4096K), 4 survivors (4096K)
 Metaspace       used 71777K, committed 72320K, reserved 1114112K
  class space    used 9535K, committed 9856K, reserved 1048576K
}
Event: 5755.103 GC heap before
{Heap before GC invocations=46 (full 3):
 garbage-first heap   total 81920K, used 36496K [0x00000000a1c00000, 0x0000000100000000)
  region size 1024K, 12 young (12288K), 4 survivors (4096K)
 Metaspace       used 71793K, committed 72384K, reserved 1114112K
  class space    used 9536K, committed 9856K, reserved 1048576K
}
Event: 5755.183 GC heap after
{Heap after GC invocations=47 (full 4):
 garbage-first heap   total 81920K, used 24320K [0x00000000a1c00000, 0x0000000100000000)
  region size 1024K, 0 young (0K), 0 survivors (0K)
 Metaspace       used 71780K, committed 72384K, reserved 1114112K
  class space    used 9534K, committed 9856K, reserved 1048576K
}
Event: 5757.829 GC heap before
{Heap before GC invocations=47 (full 4):
 garbage-first heap   total 81920K, used 64256K [0x00000000a1c00000, 0x0000000100000000)
  region size 1024K, 40 young (40960K), 0 survivors (0K)
 Metaspace       used 71881K, committed 72448K, reserved 1114112K
  class space    used 9540K, committed 9856K, reserved 1048576K
}
Event: 5757.835 GC heap after
{Heap after GC invocations=48 (full 4):
 garbage-first heap   total 163840K, used 27272K [0x00000000a1c00000, 0x0000000100000000)
  region size 1024K, 3 young (3072K), 3 survivors (3072K)
 Metaspace       used 71881K, committed 72448K, reserved 1114112K
  class space    used 9540K, committed 9856K, reserved 1048576K
}
Event: 5757.985 GC heap before
{Heap before GC invocations=48 (full 4):
 garbage-first heap   total 163840K, used 121480K [0x00000000a1c00000, 0x0000000100000000)
  region size 1024K, 96 young (98304K), 3 survivors (3072K)
 Metaspace       used 71881K, committed 72448K, reserved 1114112K
  class space    used 9540K, committed 9856K, reserved 1048576K
}
Event: 5757.990 GC heap after
{Heap after GC invocations=49 (full 4):
 garbage-first heap   total 163840K, used 27155K [0x00000000a1c00000, 0x0000000100000000)
  region size 1024K, 3 young (3072K), 3 survivors (3072K)
 Metaspace       used 71881K, committed 72448K, reserved 1114112K
  class space    used 9540K, committed 9856K, reserved 1048576K
}

Deoptimization events (20 events):
Event: 5759.325 Thread 0x000001f52351ae30 Uncommon trap: trap_request=0xffffffbe fr.pc=0x000001f50f838848 relative=0x0000000000002b68
Event: 5759.325 Thread 0x000001f52351ae30 Uncommon trap: reason=profile_predicate action=maybe_recompile pc=0x000001f50f838848 method=org.springframework.core.annotation.TypeMappedAnnotation.asMap(Ljava/util/function/Function;[Lorg/springframework/core/annotation/MergedAnnotation$Adapt;)Ljava/uti
Event: 5759.325 Thread 0x000001f52351ae30 DEOPT PACKING pc=0x000001f50f838848 sp=0x00000039cdafca40
Event: 5759.325 Thread 0x000001f52351ae30 DEOPT UNPACKING pc=0x000001f5077823a3 sp=0x00000039cdafca70 mode 2
Event: 5759.326 Thread 0x000001f52351ae30 Uncommon trap: trap_request=0xffffffbe fr.pc=0x000001f50f838848 relative=0x0000000000002b68
Event: 5759.326 Thread 0x000001f52351ae30 Uncommon trap: reason=profile_predicate action=maybe_recompile pc=0x000001f50f838848 method=org.springframework.core.annotation.TypeMappedAnnotation.asMap(Ljava/util/function/Function;[Lorg/springframework/core/annotation/MergedAnnotation$Adapt;)Ljava/uti
Event: 5759.326 Thread 0x000001f52351ae30 DEOPT PACKING pc=0x000001f50f838848 sp=0x00000039cdafca40
Event: 5759.326 Thread 0x000001f52351ae30 DEOPT UNPACKING pc=0x000001f5077823a3 sp=0x00000039cdafca70 mode 2
Event: 5759.326 Thread 0x000001f52351ae30 Uncommon trap: trap_request=0xffffffbe fr.pc=0x000001f50f838848 relative=0x0000000000002b68
Event: 5759.326 Thread 0x000001f52351ae30 Uncommon trap: reason=profile_predicate action=maybe_recompile pc=0x000001f50f838848 method=org.springframework.core.annotation.TypeMappedAnnotation.asMap(Ljava/util/function/Function;[Lorg/springframework/core/annotation/MergedAnnotation$Adapt;)Ljava/uti
Event: 5759.326 Thread 0x000001f52351ae30 DEOPT PACKING pc=0x000001f50f838848 sp=0x00000039cdafca40
Event: 5759.326 Thread 0x000001f52351ae30 DEOPT UNPACKING pc=0x000001f5077823a3 sp=0x00000039cdafca70 mode 2
Event: 5759.366 Thread 0x000001f52351ae30 Uncommon trap: trap_request=0xffffffbe fr.pc=0x000001f50f838848 relative=0x0000000000002b68
Event: 5759.366 Thread 0x000001f52351ae30 Uncommon trap: reason=profile_predicate action=maybe_recompile pc=0x000001f50f838848 method=org.springframework.core.annotation.TypeMappedAnnotation.asMap(Ljava/util/function/Function;[Lorg/springframework/core/annotation/MergedAnnotation$Adapt;)Ljava/uti
Event: 5759.366 Thread 0x000001f52351ae30 DEOPT PACKING pc=0x000001f50f838848 sp=0x00000039cdafca40
Event: 5759.366 Thread 0x000001f52351ae30 DEOPT UNPACKING pc=0x000001f5077823a3 sp=0x00000039cdafca70 mode 2
Event: 5862.148 Thread 0x000001f52351f190 Uncommon trap: trap_request=0xffffff45 fr.pc=0x000001f50f5cccbc relative=0x000000000000441c
Event: 5862.261 Thread 0x000001f52351f190 Uncommon trap: reason=unstable_if action=reinterpret pc=0x000001f50f5cccbc method=org.springframework.boot.devtools.filewatch.DirectorySnapshot.collectFiles(Ljava/io/File;Ljava/util/Set;)V @ 73 c2
Event: 5862.302 Thread 0x000001f52351f190 DEOPT PACKING pc=0x000001f50f5cccbc sp=0x00000039cfdff030
Event: 5862.359 Thread 0x000001f52351f190 DEOPT UNPACKING pc=0x000001f5077823a3 sp=0x00000039cfdfef98 mode 2

Classes unloaded (20 events):
Event: 5741.912 Thread 0x000001f51c20f030 Unloading class 0x0000000800fa2000 'java/lang/invoke/LambdaForm$MH+0x0000000800fa2000'
Event: 5741.912 Thread 0x000001f51c20f030 Unloading class 0x0000000800fa1c00 'java/lang/invoke/LambdaForm$MH+0x0000000800fa1c00'
Event: 5741.912 Thread 0x000001f51c20f030 Unloading class 0x0000000800fa1800 'java/lang/invoke/LambdaForm$MH+0x0000000800fa1800'
Event: 5741.912 Thread 0x000001f51c20f030 Unloading class 0x0000000800fa1400 'java/lang/invoke/LambdaForm$MH+0x0000000800fa1400'
Event: 5741.912 Thread 0x000001f51c20f030 Unloading class 0x0000000800fa1000 'java/lang/invoke/LambdaForm$MH+0x0000000800fa1000'
Event: 5741.912 Thread 0x000001f51c20f030 Unloading class 0x0000000800fa0c00 'java/lang/invoke/LambdaForm$MH+0x0000000800fa0c00'
Event: 5741.912 Thread 0x000001f51c20f030 Unloading class 0x0000000800fa0800 'java/lang/invoke/LambdaForm$MH+0x0000000800fa0800'
Event: 5741.912 Thread 0x000001f51c20f030 Unloading class 0x0000000800fa0400 'java/lang/invoke/LambdaForm$MH+0x0000000800fa0400'
Event: 5741.912 Thread 0x000001f51c20f030 Unloading class 0x0000000800fa0000 'java/lang/invoke/LambdaForm$MH+0x0000000800fa0000'
Event: 5741.913 Thread 0x000001f51c20f030 Unloading class 0x0000000800ef3c00 'java/lang/invoke/LambdaForm$MH+0x0000000800ef3c00'
Event: 5741.913 Thread 0x000001f51c20f030 Unloading class 0x0000000800d14000 'java/lang/invoke/LambdaForm$MH+0x0000000800d14000'
Event: 5741.914 Thread 0x000001f51c20f030 Unloading class 0x0000000800c34000 'java/lang/invoke/LambdaForm$MH+0x0000000800c34000'
Event: 5741.914 Thread 0x000001f51c20f030 Unloading class 0x0000000800c18800 'java/lang/invoke/LambdaForm$MH+0x0000000800c18800'
Event: 5741.914 Thread 0x000001f51c20f030 Unloading class 0x0000000800c18400 'java/lang/invoke/LambdaForm$MH+0x0000000800c18400'
Event: 5741.914 Thread 0x000001f51c20f030 Unloading class 0x0000000800c17c00 'java/lang/invoke/LambdaForm$MH+0x0000000800c17c00'
Event: 5741.915 Thread 0x000001f51c20f030 Unloading class 0x0000000800c17800 'java/lang/invoke/LambdaForm$MH+0x0000000800c17800'
Event: 5755.121 Thread 0x000001f51c20f030 Unloading class 0x0000000800e65400 'jdk/internal/reflect/GeneratedMethodAccessor45'
Event: 5755.121 Thread 0x000001f51c20f030 Unloading class 0x0000000800e65000 'jdk/internal/reflect/GeneratedMethodAccessor44'
Event: 5755.121 Thread 0x000001f51c20f030 Unloading class 0x0000000800eb9400 'jdk/internal/reflect/GeneratedConstructorAccessor58'
Event: 5755.121 Thread 0x000001f51c20f030 Unloading class 0x0000000800d3a000 'org/apache/catalina/loader/JdbcLeakPrevention'

Classes redefined (0 events):
No events

Internal exceptions (20 events):
Event: 5760.800 Thread 0x000001f52351d980 Exception <a 'java/io/FileNotFoundException'{0x00000000a78de2d8}> (0x00000000a78de2d8) 
thrown [t:\workspace\open\src\hotspot\share\prims\jni.cpp, line 516]
Event: 5760.800 Thread 0x000001f52351d980 Exception <a 'java/io/FileNotFoundException'{0x00000000a78e12d0}> (0x00000000a78e12d0) 
thrown [t:\workspace\open\src\hotspot\share\prims\jni.cpp, line 516]
Event: 5760.800 Thread 0x000001f52351d980 Exception <a 'java/io/FileNotFoundException'{0x00000000a78e42c8}> (0x00000000a78e42c8) 
thrown [t:\workspace\open\src\hotspot\share\prims\jni.cpp, line 516]
Event: 5760.801 Thread 0x000001f52351d980 Exception <a 'java/io/FileNotFoundException'{0x00000000a78e72c0}> (0x00000000a78e72c0) 
thrown [t:\workspace\open\src\hotspot\share\prims\jni.cpp, line 516]
Event: 5760.801 Thread 0x000001f52351d980 Exception <a 'java/io/FileNotFoundException'{0x00000000a78ea2b8}> (0x00000000a78ea2b8) 
thrown [t:\workspace\open\src\hotspot\share\prims\jni.cpp, line 516]
Event: 5761.060 Thread 0x000001f52351d980 Exception <a 'java/io/FileNotFoundException'{0x00000000a767cc90}> (0x00000000a767cc90) 
thrown [t:\workspace\open\src\hotspot\share\prims\jni.cpp, line 516]
Event: 5761.061 Thread 0x000001f52351d980 Exception <a 'java/io/FileNotFoundException'{0x00000000a7681988}> (0x00000000a7681988) 
thrown [t:\workspace\open\src\hotspot\share\prims\jni.cpp, line 516]
Event: 5761.063 Thread 0x000001f52351d980 Exception <a 'java/io/FileNotFoundException'{0x00000000a7686680}> (0x00000000a7686680) 
thrown [t:\workspace\open\src\hotspot\share\prims\jni.cpp, line 516]
Event: 5761.064 Thread 0x000001f52351d980 Exception <a 'java/io/FileNotFoundException'{0x00000000a7689678}> (0x00000000a7689678) 
thrown [t:\workspace\open\src\hotspot\share\prims\jni.cpp, line 516]
Event: 5761.067 Thread 0x000001f52351d980 Exception <a 'java/io/FileNotFoundException'{0x00000000a768c670}> (0x00000000a768c670) 
thrown [t:\workspace\open\src\hotspot\share\prims\jni.cpp, line 516]
Event: 5761.076 Thread 0x000001f52351d980 Exception <a 'java/io/FileNotFoundException'{0x00000000a768f668}> (0x00000000a768f668) 
thrown [t:\workspace\open\src\hotspot\share\prims\jni.cpp, line 516]
Event: 5761.101 Thread 0x000001f52351d980 Exception <a 'java/io/FileNotFoundException'{0x00000000a7692660}> (0x00000000a7692660) 
thrown [t:\workspace\open\src\hotspot\share\prims\jni.cpp, line 516]
Event: 5761.105 Thread 0x000001f52351d980 Exception <a 'java/io/FileNotFoundException'{0x00000000a7695658}> (0x00000000a7695658) 
thrown [t:\workspace\open\src\hotspot\share\prims\jni.cpp, line 516]
Event: 5761.105 Thread 0x000001f52351d980 Exception <a 'java/io/FileNotFoundException'{0x00000000a7698650}> (0x00000000a7698650) 
thrown [t:\workspace\open\src\hotspot\share\prims\jni.cpp, line 516]
Event: 5761.106 Thread 0x000001f52351d980 Exception <a 'java/io/FileNotFoundException'{0x00000000a769b648}> (0x00000000a769b648) 
thrown [t:\workspace\open\src\hotspot\share\prims\jni.cpp, line 516]
Event: 5761.106 Thread 0x000001f52351d980 Exception <a 'java/io/FileNotFoundException'{0x00000000a769e640}> (0x00000000a769e640) 
thrown [t:\workspace\open\src\hotspot\share\prims\jni.cpp, line 516]
Event: 5761.107 Thread 0x000001f52351d980 Exception <a 'java/io/FileNotFoundException'{0x00000000a76a1638}> (0x00000000a76a1638) 
thrown [t:\workspace\open\src\hotspot\share\prims\jni.cpp, line 516]
Event: 5761.107 Thread 0x000001f52351d980 Exception <a 'java/io/FileNotFoundException'{0x00000000a76a4630}> (0x00000000a76a4630) 
thrown [t:\workspace\open\src\hotspot\share\prims\jni.cpp, line 516]
Event: 5761.109 Thread 0x000001f52351d980 Exception <a 'java/io/FileNotFoundException'{0x00000000a76a7628}> (0x00000000a76a7628) 
thrown [t:\workspace\open\src\hotspot\share\prims\jni.cpp, line 516]
Event: 5872.739 Thread 0x000001f52351de50 Exception <a 'java/lang/InterruptedException'{0x00000000a6d778f8}: sleep interrupted> (0x00000000a6d778f8) 
thrown [t:\workspace\open\src\hotspot\share\prims\jvm.cpp, line 3067]

VM Operations (20 events):
Event: 5757.837 Executing VM operation: G1CollectForAllocation done
Event: 5757.985 Executing VM operation: G1CollectForAllocation
Event: 5757.990 Executing VM operation: G1CollectForAllocation done
Event: 5758.830 Executing VM operation: ICBufferFull
Event: 5758.832 Executing VM operation: ICBufferFull done
Event: 5759.837 Executing VM operation: Cleanup
Event: 5759.838 Executing VM operation: Cleanup done
Event: 5760.851 Executing VM operation: Cleanup
Event: 5760.851 Executing VM operation: Cleanup done
Event: 5761.857 Executing VM operation: Cleanup
Event: 5761.857 Executing VM operation: Cleanup done
Event: 5768.918 Executing VM operation: Cleanup
Event: 5768.919 Executing VM operation: Cleanup done
Event: 5770.929 Executing VM operation: Cleanup
Event: 5770.929 Executing VM operation: Cleanup done
Event: 5774.957 Executing VM operation: Cleanup
Event: 5774.957 Executing VM operation: Cleanup done
Event: 5871.851 Executing VM operation: Cleanup
Event: 5871.859 Executing VM operation: Cleanup done
Event: 5872.750 Executing VM operation: G1CollectFull

Events (20 events):
Event: 5869.572 Thread 0x000001f52351f190 Thread exited: 0x000001f52351f190
Event: 5870.032 Thread 0x000001f51f679b90 Thread added: 0x000001f51f679b90
Event: 5871.267 Thread 0x000001f51f679b90 Thread exited: 0x000001f51f679b90
Event: 5871.269 Thread 0x000001f51f67aed0 Thread exited: 0x000001f51f67aed0
Event: 5871.341 Thread 0x000001f523522680 Thread exited: 0x000001f523522680
Event: 5871.373 Thread 0x000001f5235209a0 Thread exited: 0x000001f5235209a0
Event: 5871.374 Thread 0x000001f5235204d0 Thread exited: 0x000001f5235204d0
Event: 5871.375 Thread 0x000001f523520000 Thread exited: 0x000001f523520000
Event: 5871.375 Thread 0x000001f52351b7d0 Thread exited: 0x000001f52351b7d0
Event: 5871.376 Thread 0x000001f523521ce0 Thread exited: 0x000001f523521ce0
Event: 5871.376 Thread 0x000001f52351fb30 Thread exited: 0x000001f52351fb30
Event: 5871.376 Thread 0x000001f523520e70 Thread exited: 0x000001f523520e70
Event: 5871.376 Thread 0x000001f5235221b0 Thread exited: 0x000001f5235221b0
Event: 5871.386 Thread 0x000001f523521340 Thread exited: 0x000001f523521340
Event: 5871.388 Thread 0x000001f52351f660 Thread exited: 0x000001f52351f660
Event: 5871.714 Thread 0x000001f51f679b90 Thread added: 0x000001f51f679b90
Event: 5871.721 Thread 0x000001f52351bca0 Thread exited: 0x000001f52351bca0
Event: 5872.089 Thread 0x000001f51f679b90 Thread exited: 0x000001f51f679b90
Event: 5872.739 Thread 0x000001f52351cb10 Thread exited: 0x000001f52351cb10
Event: 5872.741 Thread 0x000001f52351de50 Thread exited: 0x000001f52351de50


Dynamic libraries:
0x00007ff739670000 - 0x00007ff739680000 	C:\Program Files\Java\jdk-17\bin\javaw.exe
0x00007ffab9620000 - 0x00007ffab9883000 	C:\WINDOWS\SYSTEM32\ntdll.dll
0x00007ffa83320000 - 0x00007ffa8333a000 	C:\Program Files\Avast Software\Avast\aswhook.dll
0x00007ffab89f0000 - 0x00007ffab8ab8000 	C:\WINDOWS\System32\KERNEL32.DLL
0x00007ffab6c30000 - 0x00007ffab6fe2000 	C:\WINDOWS\System32\KERNELBASE.dll
0x00007ffab7160000 - 0x00007ffab72ab000 	C:\WINDOWS\System32\ucrtbase.dll
0x00007ffaa6cb0000 - 0x00007ffaa6cc8000 	C:\Program Files\Java\jdk-17\bin\jli.dll
0x00007ffaaba50000 - 0x00007ffaaba6a000 	C:\Program Files\Java\jdk-17\bin\VCRUNTIME140.dll
0x00007ffab8cb0000 - 0x00007ffab8d64000 	C:\WINDOWS\System32\ADVAPI32.dll
0x00007ffab8fb0000 - 0x00007ffab9059000 	C:\WINDOWS\System32\msvcrt.dll
0x00007ffab78e0000 - 0x00007ffab7986000 	C:\WINDOWS\System32\sechost.dll
0x00007ffab7ff0000 - 0x00007ffab8106000 	C:\WINDOWS\System32\RPCRT4.dll
0x00007ffab8820000 - 0x00007ffab89e8000 	C:\WINDOWS\System32\USER32.dll
0x00007ffab6b70000 - 0x00007ffab6b97000 	C:\WINDOWS\System32\win32u.dll
0x00007ffa90080000 - 0x00007ffa90310000 	C:\WINDOWS\WinSxS\amd64_microsoft.windows.common-controls_6595b64144ccf1df_6.0.26100.2454_none_3e0b68a2e331ad60\COMCTL32.dll
0x00007ffab8df0000 - 0x00007ffab8e1a000 	C:\WINDOWS\System32\GDI32.dll
0x00007ffab72b0000 - 0x00007ffab73db000 	C:\WINDOWS\System32\gdi32full.dll
0x00007ffab6ff0000 - 0x00007ffab7093000 	C:\WINDOWS\System32\msvcp_win.dll
0x00007ffaafc60000 - 0x00007ffaafc6b000 	C:\WINDOWS\SYSTEM32\VERSION.dll
0x00007ffab8db0000 - 0x00007ffab8ddf000 	C:\WINDOWS\System32\IMM32.DLL
0x00007ffaaba40000 - 0x00007ffaaba4c000 	C:\Program Files\Java\jdk-17\bin\vcruntime140_1.dll
0x00007ff9e84a0000 - 0x00007ff9e852d000 	C:\Program Files\Java\jdk-17\bin\msvcp140.dll
0x00007ff9e8a20000 - 0x00007ff9e95de000 	C:\Program Files\Java\jdk-17\bin\server\jvm.dll
0x00007ffab8da0000 - 0x00007ffab8da8000 	C:\WINDOWS\System32\PSAPI.DLL
0x00007ffaafc20000 - 0x00007ffaafc56000 	C:\WINDOWS\SYSTEM32\WINMM.dll
0x00007ffaa54b0000 - 0x00007ffaa54ba000 	C:\WINDOWS\SYSTEM32\WSOCK32.dll
0x00007ffab77f0000 - 0x00007ffab7864000 	C:\WINDOWS\System32\WS2_32.dll
0x00007ffab5830000 - 0x00007ffab584a000 	C:\WINDOWS\SYSTEM32\kernel.appcore.dll
0x00007ffa7f590000 - 0x00007ffa7f59a000 	C:\Program Files\Java\jdk-17\bin\jimage.dll
0x00007ffab4340000 - 0x00007ffab4581000 	C:\WINDOWS\SYSTEM32\DBGHELP.DLL
0x00007ffab9240000 - 0x00007ffab95be000 	C:\WINDOWS\System32\combase.dll
0x00007ffab9060000 - 0x00007ffab9136000 	C:\WINDOWS\System32\OLEAUT32.dll
0x00007ffaa95c0000 - 0x00007ffaa95f9000 	C:\WINDOWS\SYSTEM32\dbgcore.DLL
0x00007ffab73e0000 - 0x00007ffab7479000 	C:\WINDOWS\System32\bcryptPrimitives.dll
0x00007ff9f44b0000 - 0x00007ff9f44d5000 	C:\Program Files\Java\jdk-17\bin\java.dll
0x00007ff9f43d0000 - 0x00007ff9f44a6000 	C:\Program Files\Java\jdk-17\bin\svml.dll
0x00007ffab8110000 - 0x00007ffab8811000 	C:\WINDOWS\System32\SHELL32.dll
0x00007ffab4740000 - 0x00007ffab4f71000 	C:\WINDOWS\SYSTEM32\windows.storage.dll
0x00007ffab8ac0000 - 0x00007ffab8b9a000 	C:\WINDOWS\System32\SHCORE.dll
0x00007ffab7490000 - 0x00007ffab74ed000 	C:\WINDOWS\System32\shlwapi.dll
0x00007ffab6900000 - 0x00007ffab692e000 	C:\WINDOWS\SYSTEM32\profapi.dll
0x00007ffa61440000 - 0x00007ffa61459000 	C:\Program Files\Java\jdk-17\bin\net.dll
0x00007ffaacf20000 - 0x00007ffaad046000 	C:\WINDOWS\SYSTEM32\WINHTTP.dll
0x00007ffab5d30000 - 0x00007ffab5d98000 	C:\WINDOWS\system32\mswsock.dll
0x00007ff9f43b0000 - 0x00007ff9f43c5000 	C:\Program Files\Java\jdk-17\bin\nio.dll
0x00007ff9f4390000 - 0x00007ff9f43a8000 	C:\Program Files\Java\jdk-17\bin\zip.dll
0x00007ffa84a60000 - 0x00007ffa84a69000 	C:\Program Files\Java\jdk-17\bin\management.dll
0x00007ffa84a50000 - 0x00007ffa84a5b000 	C:\Program Files\Java\jdk-17\bin\management_ext.dll
0x00007ffa5db30000 - 0x00007ffa5db3e000 	C:\Program Files\Java\jdk-17\bin\sunmscapi.dll
0x00007ffab69f0000 - 0x00007ffab6b66000 	C:\WINDOWS\System32\CRYPT32.dll
0x00007ffab61d0000 - 0x00007ffab6200000 	C:\WINDOWS\SYSTEM32\ncrypt.dll
0x00007ffab6180000 - 0x00007ffab61bf000 	C:\WINDOWS\SYSTEM32\NTASN1.dll
0x00007ffab5fd0000 - 0x00007ffab5fec000 	C:\WINDOWS\SYSTEM32\CRYPTSP.dll
0x00007ffab5790000 - 0x00007ffab57c8000 	C:\WINDOWS\system32\rsaenh.dll
0x00007ffab5dd0000 - 0x00007ffab5dfb000 	C:\WINDOWS\SYSTEM32\USERENV.dll
0x00007ffab6210000 - 0x00007ffab6236000 	C:\WINDOWS\SYSTEM32\bcrypt.dll
0x00007ffab5ff0000 - 0x00007ffab5ffc000 	C:\WINDOWS\SYSTEM32\CRYPTBASE.dll
0x00007ffab5270000 - 0x00007ffab52a2000 	C:\WINDOWS\SYSTEM32\IPHLPAPI.DLL
0x00007ffab95d0000 - 0x00007ffab95da000 	C:\WINDOWS\System32\NSI.dll
0x00007ffaad330000 - 0x00007ffaad34e000 	C:\WINDOWS\SYSTEM32\dhcpcsvc6.DLL
0x00007ffaad300000 - 0x00007ffaad325000 	C:\WINDOWS\SYSTEM32\dhcpcsvc.DLL
0x00007ffab5360000 - 0x00007ffab5485000 	C:\WINDOWS\SYSTEM32\DNSAPI.dll
0x00007ffa777c0000 - 0x00007ffa777d0000 	C:\Program Files\Java\jdk-17\bin\verify.dll
0x00007ffaa7210000 - 0x00007ffaa721b000 	C:\Windows\System32\rasadhlp.dll
0x00007ffaaac20000 - 0x00007ffaaaca5000 	C:\WINDOWS\System32\fwpuclnt.dll
0x00007ffa8bbf0000 - 0x00007ffa8bbf8000 	C:\WINDOWS\system32\wshunix.dll

dbghelp: loaded successfully - version: 4.0.5 - missing functions: none
symbol engine: initialized successfully - sym options: 0x614 - pdb path: .;C:\Program Files\Java\jdk-17\bin;C:\WINDOWS\SYSTEM32;C:\Program Files\Avast Software\Avast;C:\WINDOWS\WinSxS\amd64_microsoft.windows.common-controls_6595b64144ccf1df_6.0.26100.2454_none_3e0b68a2e331ad60;C:\Program Files\Java\jdk-17\bin\server

VM Arguments:
jvm_args: -Dfile.encoding=UTF-8 -Dstdout.encoding=UTF-8 -Dstderr.encoding=UTF-8 -XX:+ShowCodeDetailsInExceptionMessages 
java_command: com.e2open.panasonic.PanasonicApplication
java_class_path (initial): C:\workspace\NLSpanasonic\panasonic\target\classes;C:\Users\manjunath y\.m2\repository\org\springframework\boot\spring-boot-starter-data-jpa\3.4.2\spring-boot-starter-data-jpa-3.4.2.jar;C:\Users\manjunath y\.m2\repository\org\springframework\boot\spring-boot-starter\3.4.2\spring-boot-starter-3.4.2.jar;C:\Users\manjunath y\.m2\repository\org\springframework\boot\spring-boot-starter-logging\3.4.2\spring-boot-starter-logging-3.4.2.jar;C:\Users\manjunath y\.m2\repository\ch\qos\logback\logback-classic\1.5.16\logback-classic-1.5.16.jar;C:\Users\manjunath y\.m2\repository\ch\qos\logback\logback-core\1.5.16\logback-core-1.5.16.jar;C:\Users\manjunath y\.m2\repository\org\apache\logging\log4j\log4j-to-slf4j\2.24.3\log4j-to-slf4j-2.24.3.jar;C:\Users\manjunath y\.m2\repository\org\apache\logging\log4j\log4j-api\2.24.3\log4j-api-2.24.3.jar;C:\Users\manjunath y\.m2\repository\org\slf4j\jul-to-slf4j\2.0.16\jul-to-slf4j-2.0.16.jar;C:\Users\manjunath y\.m2\repository\jakarta\annotation\jakarta.annotation-api\2.1.1\jakarta.annotation-api-2.1.1.jar;C:\Users\manjunath y\.m2\repository\org\yaml\snakeyaml\2.3\snakeyaml-2.3.jar;C:\Users\manjunath y\.m2\repository\org\springframework\boot\spring-boot-starter-jdbc\3.4.2\spring-boot-starter-jdbc-3.4.2.jar;C:\Users\manjunath y\.m2\repository\com\zaxxer\HikariCP\5.1.0\HikariCP-5.1.0.jar;C:\Users\manjunath y\.m2\repository\org\springframework\spring-jdbc\6.2.2\spring-jdbc-6.2.2.jar;C:\Users\manjunath y\.m2\repository\org\hibernate\orm\hibernate-core\6.6.5.Final\hibernate-core-6.6.5.Final.jar;C:\Users\manjunath y\.m2\repository\jakarta\persistence\jakarta.persistence-api\3.1.0\jakarta.persistence-api-3.1.0.jar;C:\Users\manjunath y\.m2\repository\jakarta\transaction\jakarta.transaction-api\2.0.1\jakarta.transaction-api-2.0.1.jar;C:\Users\manjunath y\.m2\repository\org\jboss\logging\jboss-logging\3.5.0.Final\jboss-logging-3.5.0.Final.jar;C:\Users\manjunath y\.m2\repository\org\hibernate\common\hibernate-commons-annota
Launcher Type: SUN_STANDARD

[Global flags]
     intx CICompilerCount                          = 4                                         {product} {ergonomic}
     uint ConcGCThreads                            = 2                                         {product} {ergonomic}
     uint G1ConcRefinementThreads                  = 8                                         {product} {ergonomic}
   size_t G1HeapRegionSize                         = 1048576                                   {product} {ergonomic}
    uintx GCDrainStackTargetSize                   = 64                                        {product} {ergonomic}
   size_t InitialHeapSize                          = 100663296                                 {product} {ergonomic}
   size_t MarkStackSize                            = 4194304                                   {product} {ergonomic}
   size_t MaxHeapSize                              = 1581252608                                {product} {ergonomic}
   size_t MaxNewSize                               = 947912704                                 {product} {ergonomic}
   size_t MinHeapDeltaBytes                        = 1048576                                   {product} {ergonomic}
   size_t MinHeapSize                              = 8388608                                   {product} {ergonomic}
    uintx NonNMethodCodeHeapSize                   = 5839372                                {pd product} {ergonomic}
    uintx NonProfiledCodeHeapSize                  = 122909434                              {pd product} {ergonomic}
    uintx ProfiledCodeHeapSize                     = 122909434                              {pd product} {ergonomic}
    uintx ReservedCodeCacheSize                    = 251658240                              {pd product} {ergonomic}
     bool SegmentedCodeCache                       = true                                      {product} {ergonomic}
     bool ShowCodeDetailsInExceptionMessages       = true                                   {manageable} {command line}
   size_t SoftMaxHeapSize                          = 1581252608                             {manageable} {ergonomic}
     bool UseCompressedClassPointers               = true                           {product lp64_product} {ergonomic}
     bool UseCompressedOops                        = true                           {product lp64_product} {ergonomic}
     bool UseG1GC                                  = true                                      {product} {ergonomic}
     bool UseLargePagesIndividualAllocation        = false                                  {pd product} {ergonomic}

Logging:
Log output configuration:
 #0: stdout all=warning uptime,level,tags
 #1: stderr all=off uptime,level,tags

Environment Variables:
JAVA_HOME=C:\Program Files\Java\jdk1.8.0_211
PATH=C:/Users/manjunath y/.p2/pool/plugins/org.eclipse.justj.openjdk.hotspot.jre.full.win32.x86_64_23.0.1.v20241024-1700/jre/bin/server;C:/Users/manjunath y/.p2/pool/plugins/org.eclipse.justj.openjdk.hotspot.jre.full.win32.x86_64_23.0.1.v20241024-1700/jre/bin;C:\Python313\Scripts\;C:\Python313\;C:\oracle\WINDOWSDBHOME\bin;C:\Program Files\Common Files\Oracle\Java\javapath;C:\Program Files (x86)\Common Files\Oracle\Java\javapath;C:\WINDOWS\system32;C:\WINDOWS;C:\WINDOWS\System32\Wbem;C:\WINDOWS\System32\WindowsPowerShell\v1.0\;C:\WINDOWS\System32\OpenSSH\;C:\Program Files\dotnet\;C:\Program Files\Java\jdk1.8.0_211\bin;C:\oracle\WINDOWSDBHOME\bin;C:\Program Files\Git\cmd;C:\Program Files\nodejs\;C:\ProgramData\chocolatey\bin;C:\Program Files\PostgreSQL\17\bin;C:\Program Files\Apache\Maven\apache-maven-3.9.9-bin\apache-maven-3.9.9\bin;C:\Users\manjunath y\AppData\Local\Microsoft\WindowsApps;C:\Users\manjunath y\AppData\Roaming\npm;C:\Users\manjunath y\AppData\Local\Programs\Microsoft VS Code\bin;C:\Users\manjunath y\Desktop;
USERNAME=manjunath y
OS=Windows_NT
PROCESSOR_IDENTIFIER=AMD64 Family 23 Model 24 Stepping 1, AuthenticAMD



---------------  S Y S T E M  ---------------

OS:
 Windows 10 , 64 bit Build 26100 (10.0.26100.2454)
OS uptime: 0 days 3:00 hours

CPU: total 8 (initial active 8) (8 cores per cpu, 2 threads per core) family 23 model 24 stepping 1 microcode 0x8108109, cx8, cmov, fxsr, ht, mmx, 3dnowpref, sse, sse2, sse3, ssse3, sse4a, sse4.1, sse4.2, popcnt, lzcnt, tsc, tscinvbit, avx, avx2, aes, clmul, bmi1, bmi2, adx, sha, fma, vzeroupper, clflush, clflushopt

Memory: 4k page, system-wide physical 6030M (198M free)
TotalPageFile size 24462M (AvailPageFile size 1M)
current process WorkingSet (physical memory assigned to process): 47M, peak: 345M
current process commit charge ("private bytes"): 420M, peak: 423M

vm_info: Java HotSpot(TM) 64-Bit Server VM (17+35-LTS-2724) for windows-amd64 JRE (17+35-LTS-2724), built on Aug  5 2021 23:28:28 by "mach5one" with MS VC++ 16.8 (VS2019)

END.
